26/12/19 12:37:13 Xvnc version TightVNC-1.3.9
26/12/19 12:37:13 Copyright (C) 2000-2007 TightVNC Group
26/12/19 12:37:13 Copyright (C) 1999 AT&T Laboratories Cambridge
26/12/19 12:37:13 All Rights Reserved.
26/12/19 12:37:13 See http://www.tightvnc.com/ for information on TightVNC
26/12/19 12:37:13 Desktop name 'X' (raspberrypi:1)
26/12/19 12:37:13 Protocol versions supported: 3.3, 3.7, 3.8, 3.7t, 3.8t
26/12/19 12:37:13 Listening for VNC connections on TCP port 5901
Font directory '/usr/share/fonts/X11/Type1/' not found - ignoring
Font directory '/usr/share/fonts/X11/75dpi/' not found - ignoring
xrdb: No such file or directory
xrdb: can't open file '/home/pi/.Xresources'

26/12/19 12:37:20 Got connection from client 192.168.1.110
26/12/19 12:37:20 Using protocol version 3.8
26/12/19 12:37:20 Full-control authentication passed by 192.168.1.110
26/12/19 12:37:20 rfbProcessClientNormalMessage: ignoring unknown encoding 24
26/12/19 12:37:20 rfbProcessClientNormalMessage: ignoring unknown encoding 16
26/12/19 12:37:20 rfbProcessClientNormalMessage: ignoring unknown encoding 22
26/12/19 12:37:20 rfbProcessClientNormalMessage: ignoring unknown encoding 21
26/12/19 12:37:20 rfbProcessClientNormalMessage: ignoring unknown encoding 15
26/12/19 12:37:20 Using zlib encoding for client 192.168.1.110
26/12/19 12:37:20 rfbProcessClientNormalMessage: ignoring unknown encoding -314
26/12/19 12:37:20 Enabling full-color cursor updates for client 192.168.1.110
26/12/19 12:37:20 rfbProcessClientNormalMessage: ignoring unknown encoding -223
26/12/19 12:37:20 Pixel format for client 192.168.1.110:
26/12/19 12:37:20   32 bpp, depth 24, little endian
26/12/19 12:37:20   true colour: max r 255 g 255 b 255, shift r 16 g 8 b 0
26/12/19 12:37:20   no translation needed
26/12/19 12:42:36 Client 192.168.1.110 gone
26/12/19 12:42:36 Statistics:
26/12/19 12:42:36   key events received 104, pointer events 2900
26/12/19 12:42:36   framebuffer updates 482, rectangles 4009, bytes 18916770
26/12/19 12:42:36     cursor shape updates 59, bytes 110011
26/12/19 12:42:36     raw rectangles 27, bytes 520
26/12/19 12:42:36     zlib rectangles 3923, bytes 18806239
26/12/19 12:42:36   raw bytes equivalent 420069440, compression ratio 22.336089

26/12/19 12:45:35 Got connection from client 192.168.1.110
26/12/19 12:46:28 rfbProcessClientProtocolVersion: client gone
26/12/19 12:46:49 Client 192.168.1.110 gone
26/12/19 12:47:08 Statistics:
26/12/19 12:47:27   framebuffer updates 0, rectangles 0, bytes 0
