** Message: 19:44:33.694: environement.vala:58: Exporting primary_variable
** Message: 19:44:33.694: environement.vala:59: desktop_environnement XDG_CURRENT_DESKTOP
** Message: 19:44:33.694: environement.vala:150: confir_dirs is null, export : /etc/xdg
** Message: 19:44:33.694: environement.vala:184: Exporting XDG_CONFIG_DIRS
** Message: 19:44:33.694: environement.vala:218: custom_data :
** Message: 19:44:33.694: environement.vala:219: data_dirs :/usr/local/share:/usr/share/raspi-ui-overrides:/usr/share:/usr/share/gdm:/var/lib/menu-xdg
** Message: 19:44:33.694: environement.vala:220: data_dirs not null, export : /usr/local/share:/usr/share/raspi-ui-overrides:/usr/share:/usr/share/gdm:/var/lib/menu-xdg
** Message: 19:44:33.694: environement.vala:225: Exporting XDG_DATA_DIRS
** Message: 19:44:33.704: utils.vala:127: User config used : /home/pi/.config/lxsession/LXDE-pi/desktop.conf
** Message: 19:44:33.704: utils.vala:148: Final file used : /home/pi/.config/lxsession/LXDE-pi/desktop.conf
** Message: 19:44:33.704: utils.vala:39: Config system location : /etc/xdg/lxsession/LXDE-pi
** Message: 19:44:33.705: utils.vala:45: System system path location : /etc/xdg/lxsession/LXDE-pi/desktop.conf
** Message: 19:44:33.716: settings.vala:540: Key file does not have key “iGtk/ColorScheme” in group “GTK”
** Message: 19:44:33.716: settings.vala:540: Key file does not have key “windows_manager/command” in group “Session”
** Message: 19:44:33.717: settings.vala:540: Key file does not have key “panel/command” in group “Session”
** Message: 19:44:33.717: settings.vala:540: Key file does not have key “dock/command” in group “Session”
** Message: 19:44:33.717: settings.vala:540: Key file does not have key “file_manager/command” in group “Session”
** Message: 19:44:33.717: settings.vala:540: Key file does not have key “desktop_manager/command” in group “Session”
** Message: 19:44:33.717: settings.vala:540: Key file does not have key “launcher_manager/autostart” in group “Session”
** Message: 19:44:33.717: settings.vala:540: Key file does not have key “composite_manager/command” in group “Session”
** Message: 19:44:33.717: settings.vala:540: Key file does not have key “im1/command” in group “Session”
** Message: 19:44:33.717: settings.vala:540: Key file does not have key “im2/command” in group “Session”
** Message: 19:44:33.717: settings.vala:540: Key file does not have key “widget1/command” in group “Session”
** Message: 19:44:33.717: settings.vala:540: Key file does not have key “notification/command” in group “Session”
** Message: 19:44:33.717: settings.vala:540: Key file does not have key “keybindings/command” in group “Session”
** Message: 19:44:33.717: settings.vala:540: Key file does not have key “im_manager/command” in group “Session”
** Message: 19:44:33.717: settings.vala:540: Key file does not have key “screensaver/command” in group “Session”
** Message: 19:44:33.718: settings.vala:540: Key file does not have key “power_manager/command” in group “Session”
** Message: 19:44:33.718: settings.vala:540: Key file does not have key “audio_manager/command” in group “Session”
** Message: 19:44:33.718: settings.vala:540: Key file does not have key “workspace_manager/command” in group “Session”
** Message: 19:44:33.718: settings.vala:540: Key file does not have key “screenshot_manager/command” in group “Session”
** Message: 19:44:33.718: settings.vala:540: Key file does not have key “message_manager/command” in group “Session”
** Message: 19:44:33.718: settings.vala:540: Key file does not have key “upgrade_manager/command” in group “Session”
** Message: 19:44:33.718: settings.vala:540: Key file does not have key “updates_manager/command” in group “Session”
** Message: 19:44:33.718: settings.vala:540: Key file does not have key “updates_manager/timeout” in group “Session”
** Message: 19:44:33.719: settings.vala:540: Key file does not have key “crash_manager/command” in group “Session”
** Message: 19:44:33.719: settings.vala:540: Key file does not have key “crash_manager/dev_mode” in group “Session”
** Message: 19:44:33.719: settings.vala:540: Key file does not have key “crash_manager/timeout” in group “Session”
** Message: 19:44:33.719: settings.vala:540: Key file does not have key “upstart_user_session” in group “Session”
** Message: 19:44:33.719: settings.vala:540: Key file does not have key “proxy_manager/http” in group “Session”
** Message: 19:44:33.719: settings.vala:540: Key file does not have key “a11y/command” in group “Session”
** Message: 19:44:33.719: settings.vala:540: Key file does not have key “xrandr/command” in group “Session”
** Message: 19:44:33.719: settings.vala:540: Key file does not have key “network_gui/command” in group “Session”
** Message: 19:44:33.720: settings.vala:540: Key file does not have key “webbrowser/command” in group “Session”
** Message: 19:44:33.720: settings.vala:540: Key file does not have key “email/command” in group “Session”
** Message: 19:44:33.720: settings.vala:540: Key file does not have key “pdf_reader/command” in group “Session”
** Message: 19:44:33.720: settings.vala:540: Key file does not have key “video_player/command” in group “Session”
** Message: 19:44:33.720: settings.vala:540: Key file does not have key “audio_player/command” in group “Session”
** Message: 19:44:33.720: settings.vala:540: Key file does not have key “images_display/command” in group “Session”
** Message: 19:44:33.720: settings.vala:540: Key file does not have key “text_editor/command” in group “Session”
** Message: 19:44:33.720: settings.vala:540: Key file does not have key “archive/command” in group “Session”
** Message: 19:44:33.720: settings.vala:540: Key file does not have key “charmap/command” in group “Session”
** Message: 19:44:33.720: settings.vala:540: Key file does not have key “calculator/command” in group “Session”
** Message: 19:44:33.720: settings.vala:540: Key file does not have key “spreadsheet/command” in group “Session”
** Message: 19:44:33.721: settings.vala:540: Key file does not have key “bittorent/command” in group “Session”
** Message: 19:44:33.721: settings.vala:540: Key file does not have key “document/command” in group “Session”
** Message: 19:44:33.721: settings.vala:540: Key file does not have key “webcam/command” in group “Session”
** Message: 19:44:33.721: settings.vala:540: Key file does not have key “burn/command” in group “Session”
** Message: 19:44:33.721: settings.vala:540: Key file does not have key “notes/command” in group “Session”
** Message: 19:44:33.721: settings.vala:540: Key file does not have key “disk_utility/command” in group “Session”
** Message: 19:44:33.721: settings.vala:540: Key file does not have key “tasks/command” in group “Session”
** Message: 19:44:33.721: settings.vala:540: Key file does not have group “Keymap”
** Message: 19:44:33.721: settings.vala:540: Key file does not have key “laptop_mode” in group “State”
** Message: 19:44:33.721: settings.vala:540: Key file does not have key “gnome” in group “Dbus”
** Message: 19:44:33.721: settings.vala:540: Key file does not have key “type” in group “Environment”
** Message: 19:44:33.722: settings.vala:540: Key file does not have key “ubuntu_menuproxy” in group “Environment”
** Message: 19:44:33.722: settings.vala:540: Key file does not have key “toolkit_integration” in group “Environment”
** Message: 19:44:33.722: settings.vala:540: Key file does not have key “gtk/overlay_scrollbar_disable” in group “Environment”
** Message: 19:44:33.722: settings.vala:540: Key file does not have key “qt/force_theme” in group “Environment”
** Message: 19:44:33.722: settings.vala:540: Key file does not have key “qt/platform” in group “Environment”
** Message: 19:44:33.731: settings.vala:462: Monitoring: /home/pi/.config/lxsession/LXDE-pi/desktop.conf
** Message: 19:44:33.731: settings.vala:466: Desktop file is already in config home, do nothing
** Message: 19:44:33.731: environement.vala:79: Exporting variable
** Message: 19:44:33.731: environement.vala:80: desktop_environnement XDG_CURRENT_DESKTOP
** Message: 19:44:33.731: environement.vala:177: custom_config :
** Message: 19:44:33.731: environement.vala:178: config_dirs :/etc/xdg
** Message: 19:44:33.731: environement.vala:179: confir_dirs not null, export : /etc/xdg
** Message: 19:44:33.731: environement.vala:184: Exporting XDG_CONFIG_DIRS
** Message: 19:44:33.732: environement.vala:218: custom_data :
** Message: 19:44:33.732: environement.vala:219: data_dirs :/usr/local/share:/usr/share/raspi-ui-overrides:/usr/share:/usr/share/gdm:/var/lib/menu-xdg
** Message: 19:44:33.732: environement.vala:220: data_dirs not null, export : /usr/local/share:/usr/share/raspi-ui-overrides:/usr/share:/usr/share/gdm:/var/lib/menu-xdg
** Message: 19:44:33.732: environement.vala:225: Exporting XDG_DATA_DIRS
** Message: 19:44:33.732: utils.vala:39: Config system location : /etc/xdg/lxsession/LXDE-pi
** Message: 19:44:33.732: utils.vala:45: System system path location : /etc/xdg/lxsession/LXDE-pi/desktop.conf
** Message: 19:44:33.733: environement.vala:254: No entry in [Environment_variable]. Key file does not have group “Environment_variable”
** Message: 19:44:33.737: utils.vala:138: Config system location : /etc/xdg/lxsession/LXDE-pi
** Message: 19:44:33.737: utils.vala:144: System system path location : /etc/xdg/lxsession/LXDE-pi/conffiles.conf
** Message: 19:44:33.737: utils.vala:148: Final file used : /etc/xdg/lxsession/LXDE-pi/conffiles.conf
** Message: 19:44:33.737: options.vala:164: Activate xsettings_manager build-in
** Message: 19:44:33.737: utils.vala:39: Config system location : /etc/xdg/lxsession/LXDE-pi
** Message: 19:44:33.737: utils.vala:45: System system path location : /etc/xdg/lxsession/LXDE-pi/desktop.conf
xprop:  no such property "_NET_NUMBER_OF_DESKTOPS"
xprop:  no such property "_NET_DESKTOP_NAMES"
** Message: 19:44:33.789: app.vala:721: polkit separate
** Message: 19:44:33.789: app.vala:721: polkit separate
** Message: 19:44:33.802: app.vala:76: Launching lxpolkit 
** Message: 19:44:33.803: utils.vala:138: Config system location : /etc/xdg/lxsession/LXDE-pi
** Message: 19:44:33.803: utils.vala:144: System system path location : /etc/xdg/lxsession/LXDE-pi/autostart
** Message: 19:44:33.803: utils.vala:148: Final file used : /etc/xdg/lxsession/LXDE-pi/autostart
** Message: 19:44:33.803: autostart.vala:42: Autostart path : /etc/xdg/lxsession/LXDE-pi/autostart
** Message: 19:44:33.828: app.vala:76: Launching lxpanel 
** Message: 19:44:33.845: app.vala:76: Launching pcmanfm 
** Message: 19:44:33.875: app.vala:76: Launching xscreensaver 
** Message: 19:44:33.895: app.vala:76: Launching point-rpi 
** Message: 19:44:33.906: options.vala:107: Create build-in Clipboard
** Message: 19:44:33.908: main.vala:441: Check keymap_mode (null)
** Message: 19:44:33.913: app.vala:76: Launching /usr/bin/ssh-agent 
SSH_AUTH_SOCK=/tmp/ssh-CUgLsuGvcSck/agent.856; export SSH_AUTH_SOCK;
SSH_AGENT_PID=858; export SSH_AGENT_PID;
echo Agent pid 858;
unable to find device pointer:2.4G Mouse Mouse
** Message: 19:44:34.214: app.vala:130: point-rpi exit with this type of exit: 0
** Message: 19:44:34.214: app.vala:130: /usr/bin/ssh-agent exit with this type of exit: 0
Openbox-Message: Unable to find a valid menu file "/usr/share/lxde/openbox/menu.xml"
** Message: 19:44:35.669: Connecting ...
** Message: 19:44:35.670: Status changed to down
xrandr: Failed to get size of gamma for output default
Unit pt-device-manager.service could not be found.

** (lxpanel:850): WARNING **: 19:44:36.055: Battery 0 not found
** Message: 19:44:36.063: bt: Name org.bluez owned on DBus
** Message: 19:44:36.074: bt: New agent manager found
** Message: 19:44:36.076: bt: New adapter found
** Message: 19:44:36.202: va: Name org.bluez owned on DBus
** Message: 19:44:36.673: Status changed to opened
** Message: 19:44:36.673: Connected to dhcpcd-7.0.8
** Message: 19:44:36.675: Status changed to connecting
** Message: 19:44:36.675: wlan0: Associated with Simbo.ai_ACT
** Message: 19:44:36.675: eth0: Link is down
** Message: 19:44:36.678: wlan0: WPA status connected
** Message: 19:44:36.678: wlan0: Received scan results
** Message: 20:06:35.737: wlan0: Received scan results
INFO: [/dev/matrixio_regmap] was opened
INFO: [/dev/matrixio_regmap] was opened
INFO: [/dev/matrixio_regmap] was opened
** Message: 20:07:35.701: wlan0: Received scan results
** Message: 20:08:35.718: wlan0: Received scan results
XIO:  fatal IO error 11 (Resource temporarily unavailable) on X server ":0"
      after 13595 requests (13595 known processed) with 1 events remaining.
